# JRE version: Java(TM) SE Runtime Environment (17.0.2+8) (build 17.0.2+8-LTS-86)
# Java VM: Java HotSpot(TM) 64-Bit Server VM (17.0.2+8-LTS-86, mixed mode, sharing, tiered, compressed oops, compressed class ptrs, g1 gc, windows-amd64)
GC Precious Log:
 CPUs: 4 total, 4 available
 Memory: 8062M
 Large Page Support: Disabled
 NUMA Support: Disabled
 Compressed Oops: Enabled (Zero based)
 Heap Region Size: 2M
 Heap Min Capacity: 8M
 Heap Initial Capacity: 126M
 Heap Max Capacity: 3G
 Pre-touch: Disabled
 Parallel Workers: 4
 Concurrent Workers: 1
 Concurrent Refinement Workers: 4
 Periodic GC: Disabled
Heap:
 garbage-first heap   total 561152K, used 283648K [0x0000000740000000, 0x0000000800000000)
  region size 2048K, 2 young (4096K), 2 survivors (4096K)
 Metaspace       used 58784K, committed 59328K, reserved 1105920K
  class space    used 7937K, committed 8192K, reserved 1048576K
GC Heap History (20 events):
Event: 25.342 GC heap after
{Heap after GC invocations=30 (full 0):
 garbage-first heap   total 122880K, used 50198K [0x0000000740000000, 0x0000000800000000)
  region size 2048K, 2 young (4096K), 2 survivors (4096K)
 Metaspace       used 57896K, committed 58368K, reserved 1105920K
  class space    used 7848K, committed 8064K, reserved 1048576K
}
Event: 25.463 GC heap before
{Heap before GC invocations=30 (full 0):
 garbage-first heap   total 122880K, used 60438K [0x0000000740000000, 0x0000000800000000)
  region size 2048K, 5 young (10240K), 2 survivors (4096K)
 Metaspace       used 58293K, committed 58752K, reserved 1105920K
  class space    used 7909K, committed 8128K, reserved 1048576K
}
Event: 25.467 GC heap after
{Heap after GC invocations=31 (full 0):
 garbage-first heap   total 180224K, used 50655K [0x0000000740000000, 0x0000000800000000)
  region size 2048K, 2 young (4096K), 2 survivors (4096K)
 Metaspace       used 58293K, committed 58752K, reserved 1105920K
  class space    used 7909K, committed 8128K, reserved 1048576K
}
Event: 25.952 GC heap before
{Heap before GC invocations=31 (full 0):
 garbage-first heap   total 180224K, used 165343K [0x0000000740000000, 0x0000000800000000)
  region size 2048K, 43 young (88064K), 2 survivors (4096K)
 Metaspace       used 58463K, committed 58944K, reserved 1105920K
  class space    used 7922K, committed 8128K, reserved 1048576K
}
Event: 26.009 GC heap after
{Heap after GC invocations=32 (full 0):
 garbage-first heap   total 227328K, used 110793K [0x0000000740000000, 0x0000000800000000)
  region size 2048K, 6 young (12288K), 6 survivors (12288K)
 Metaspace       used 58463K, committed 58944K, reserved 1105920K
  class space    used 7922K, committed 8128K, reserved 1048576K
}
Event: 26.115 GC heap before
{Heap before GC invocations=32 (full 0):
 garbage-first heap   total 227328K, used 159945K [0x0000000740000000, 0x0000000800000000)
  region size 2048K, 30 young (61440K), 6 survivors (12288K)
 Metaspace       used 58570K, committed 59072K, reserved 1105920K
  class space    used 7935K, committed 8192K, reserved 1048576K
}
Event: 26.142 GC heap after
{Heap after GC invocations=33 (full 0):
 garbage-first heap   total 227328K, used 141474K [0x0000000740000000, 0x0000000800000000)
  region size 2048K, 4 young (8192K), 4 survivors (8192K)
 Metaspace       used 58570K, committed 59072K, reserved 1105920K
  class space    used 7935K, committed 8192K, reserved 1048576K
}
Event: 26.235 GC heap before
{Heap before GC invocations=33 (full 0):
 garbage-first heap   total 227328K, used 166050K [0x0000000740000000, 0x0000000800000000)
  region size 2048K, 17 young (34816K), 4 survivors (8192K)
 Metaspace       used 58573K, committed 59072K, reserved 1105920K
  class space    used 7936K, committed 8192K, reserved 1048576K
}
Event: 26.257 GC heap after
{Heap after GC invocations=34 (full 0):
 garbage-first heap   total 227328K, used 160930K [0x0000000740000000, 0x0000000800000000)
  region size 2048K, 3 young (6144K), 3 survivors (6144K)
 Metaspace       used 58573K, committed 59072K, reserved 1105920K
  class space    used 7936K, committed 8192K, reserved 1048576K
}
Event: 27.439 GC heap before
{Heap before GC invocations=35 (full 0):
 garbage-first heap   total 280576K, used 236706K [0x0000000740000000, 0x0000000800000000)
  region size 2048K, 11 young (22528K), 3 survivors (6144K)
 Metaspace       used 58619K, committed 59200K, reserved 1105920K
  class space    used 7936K, committed 8192K, reserved 1048576K
}
Event: 27.463 GC heap after
{Heap after GC invocations=36 (full 0):
 garbage-first heap   total 280576K, used 172194K [0x0000000740000000, 0x0000000800000000)
  region size 2048K, 2 young (4096K), 2 survivors (4096K)
 Metaspace       used 58619K, committed 59200K, reserved 1105920K
  class space    used 7936K, committed 8192K, reserved 1048576K
}
Event: 27.558 GC heap before
{Heap before GC invocations=36 (full 0):
 garbage-first heap   total 280576K, used 178338K [0x0000000740000000, 0x0000000800000000)
  region size 2048K, 6 young (12288K), 2 survivors (4096K)
 Metaspace       used 58619K, committed 59200K, reserved 1105920K
  class space    used 7936K, committed 8192K, reserved 1048576K
}
Event: 27.567 GC heap after
{Heap after GC invocations=37 (full 0):
 garbage-first heap   total 561152K, used 177574K [0x0000000740000000, 0x0000000800000000)
  region size 2048K, 1 young (2048K), 1 survivors (2048K)
 Metaspace       used 58619K, committed 59200K, reserved 1105920K
  class space    used 7936K, committed 8192K, reserved 1048576K
}
Event: 28.606 GC heap before
{Heap before GC invocations=37 (full 0):
 garbage-first heap   total 561152K, used 370086K [0x0000000740000000, 0x0000000800000000)
  region size 2048K, 77 young (157696K), 1 survivors (2048K)
 Metaspace       used 58780K, committed 59328K, reserved 1105920K
  class space    used 7937K, committed 8192K, reserved 1048576K
}
Event: 28.759 GC heap after
{Heap after GC invocations=38 (full 0):
 garbage-first heap   total 561152K, used 293958K [0x0000000740000000, 0x0000000800000000)
  region size 2048K, 10 young (20480K), 10 survivors (20480K)
 Metaspace       used 58780K, committed 59328K, reserved 1105920K
  class space    used 7937K, committed 8192K, reserved 1048576K
}
Event: 28.850 GC heap before
{Heap before GC invocations=38 (full 0):
 garbage-first heap   total 561152K, used 322630K [0x0000000740000000, 0x0000000800000000)
  region size 2048K, 25 young (51200K), 10 survivors (20480K)
 Metaspace       used 58780K, committed 59328K, reserved 1105920K
  class space    used 7937K, committed 8192K, reserved 1048576K
}
Event: 28.924 GC heap after
{Heap after GC invocations=39 (full 0):
 garbage-first heap   total 561152K, used 310272K [0x0000000740000000, 0x0000000800000000)
  region size 2048K, 7 young (14336K), 7 survivors (14336K)
 Metaspace       used 58780K, committed 59328K, reserved 1105920K
  class space    used 7937K, committed 8192K, reserved 1048576K
}
Event: 30.078 GC heap before
{Heap before GC invocations=39 (full 0):
 garbage-first heap   total 561152K, used 316416K [0x0000000740000000, 0x0000000800000000)
  region size 2048K, 44 young (90112K), 7 survivors (14336K)
 Metaspace       used 58784K, committed 59328K, reserved 1105920K
  class space    used 7937K, committed 8192K, reserved 1048576K
}
Event: 30.184 GC heap after
{Heap after GC invocations=40 (full 0):
 garbage-first heap   total 561152K, used 272384K [0x0000000740000000, 0x0000000800000000)
  region size 2048K, 6 young (12288K), 6 survivors (12288K)
 Metaspace       used 58784K, committed 59328K, reserved 1105920K
  class space    used 7937K, committed 8192K, reserved 1048576K
}
Event: 30.370 GC heap before
{Heap before GC invocations=40 (full 0):
 garbage-first heap   total 561152K, used 292864K [0x0000000740000000, 0x0000000800000000)
  region size 2048K, 13 young (26624K), 6 survivors (12288K)
 Metaspace       used 58784K, committed 59328K, reserved 1105920K
  class space    used 7937K, committed 8192K, reserved 1048576K
}

