# JRE version: Java(TM) SE Runtime Environment (17.0.2+8) (build 17.0.2+8-LTS-86)
# Java VM: Java HotSpot(TM) 64-Bit Server VM (17.0.2+8-LTS-86, mixed mode, sharing, tiered, compressed oops, compressed class ptrs, g1 gc, windows-amd64)
GC Precious Log:
 CPUs: 4 total, 4 available
 Memory: 8062M
 Large Page Support: Disabled
 NUMA Support: Disabled
 Compressed Oops: Enabled (32-bit)
 Heap Region Size: 1M
 Heap Min Capacity: 8M
 Heap Initial Capacity: 126M
 Heap Max Capacity: 2016M
 Pre-touch: Disabled
 Parallel Workers: 4
 Concurrent Workers: 1
 Concurrent Refinement Workers: 4
 Periodic GC: Disabled
Heap:
 garbage-first heap   total 327680K, used 193371K [0x0000000082000000, 0x0000000100000000)
  region size 1024K, 11 young (11264K), 11 survivors (11264K)
 Metaspace       used 57725K, committed 58752K, reserved 1105920K
  class space    used 7853K, committed 8320K, reserved 1048576K
GC Heap History (20 events):
Event: 11.366 GC heap after
{Heap after GC invocations=27 (full 0):
 garbage-first heap   total 188416K, used 88014K [0x0000000082000000, 0x0000000100000000)
  region size 1024K, 11 young (11264K), 11 survivors (11264K)
 Metaspace       used 41721K, committed 42624K, reserved 1089536K
  class space    used 5310K, committed 5696K, reserved 1048576K
}
Event: 11.723 GC heap before
{Heap before GC invocations=27 (full 0):
 garbage-first heap   total 188416K, used 157646K [0x0000000082000000, 0x0000000100000000)
  region size 1024K, 79 young (80896K), 11 survivors (11264K)
 Metaspace       used 42483K, committed 43456K, reserved 1089536K
  class space    used 5401K, committed 5824K, reserved 1048576K
}
Event: 11.739 GC heap after
{Heap after GC invocations=28 (full 0):
 garbage-first heap   total 188416K, used 96598K [0x0000000082000000, 0x0000000100000000)
  region size 1024K, 8 young (8192K), 8 survivors (8192K)
 Metaspace       used 42483K, committed 43456K, reserved 1089536K
  class space    used 5401K, committed 5824K, reserved 1048576K
}
Event: 11.879 GC heap before
{Heap before GC invocations=28 (full 0):
 garbage-first heap   total 188416K, used 155990K [0x0000000082000000, 0x0000000100000000)
  region size 1024K, 66 young (67584K), 8 survivors (8192K)
 Metaspace       used 42614K, committed 43520K, reserved 1089536K
  class space    used 5423K, committed 5824K, reserved 1048576K
}
Event: 11.890 GC heap after
{Heap after GC invocations=29 (full 0):
 garbage-first heap   total 188416K, used 103268K [0x0000000082000000, 0x0000000100000000)
  region size 1024K, 7 young (7168K), 7 survivors (7168K)
 Metaspace       used 42614K, committed 43520K, reserved 1089536K
  class space    used 5423K, committed 5824K, reserved 1048576K
}
Event: 12.135 GC heap before
{Heap before GC invocations=30 (full 0):
 garbage-first heap   total 229376K, used 155492K [0x0000000082000000, 0x0000000100000000)
  region size 1024K, 58 young (59392K), 7 survivors (7168K)
 Metaspace       used 42976K, committed 43904K, reserved 1089536K
  class space    used 5462K, committed 5888K, reserved 1048576K
}
Event: 12.145 GC heap after
{Heap after GC invocations=31 (full 0):
 garbage-first heap   total 229376K, used 107846K [0x0000000082000000, 0x0000000100000000)
  region size 1024K, 5 young (5120K), 5 survivors (5120K)
 Metaspace       used 42976K, committed 43904K, reserved 1089536K
  class space    used 5462K, committed 5888K, reserved 1048576K
}
Event: 12.161 GC heap before
{Heap before GC invocations=31 (full 0):
 garbage-first heap   total 229376K, used 113990K [0x0000000082000000, 0x0000000100000000)
  region size 1024K, 11 young (11264K), 5 survivors (5120K)
 Metaspace       used 42976K, committed 43904K, reserved 1089536K
  class space    used 5462K, committed 5888K, reserved 1048576K
}
Event: 12.165 GC heap after
{Heap after GC invocations=32 (full 0):
 garbage-first heap   total 327680K, used 108859K [0x0000000082000000, 0x0000000100000000)
  region size 1024K, 1 young (1024K), 1 survivors (1024K)
 Metaspace       used 42976K, committed 43904K, reserved 1089536K
  class space    used 5462K, committed 5888K, reserved 1048576K
}
Event: 13.209 GC heap before
{Heap before GC invocations=32 (full 0):
 garbage-first heap   total 327680K, used 263483K [0x0000000082000000, 0x0000000100000000)
  region size 1024K, 150 young (153600K), 1 survivors (1024K)
 Metaspace       used 48805K, committed 49792K, reserved 1097728K
  class space    used 6260K, committed 6720K, reserved 1048576K
}
Event: 13.225 GC heap after
{Heap after GC invocations=33 (full 0):
 garbage-first heap   total 327680K, used 132646K [0x0000000082000000, 0x0000000100000000)
  region size 1024K, 19 young (19456K), 19 survivors (19456K)
 Metaspace       used 48805K, committed 49792K, reserved 1097728K
  class space    used 6260K, committed 6720K, reserved 1048576K
}
Event: 14.090 GC heap before
{Heap before GC invocations=33 (full 0):
 garbage-first heap   total 327680K, used 251430K [0x0000000082000000, 0x0000000100000000)
  region size 1024K, 135 young (138240K), 19 survivors (19456K)
 Metaspace       used 54995K, committed 56000K, reserved 1097728K
  class space    used 7443K, committed 7936K, reserved 1048576K
}
Event: 14.111 GC heap after
{Heap after GC invocations=34 (full 0):
 garbage-first heap   total 327680K, used 142840K [0x0000000082000000, 0x0000000100000000)
  region size 1024K, 10 young (10240K), 10 survivors (10240K)
 Metaspace       used 54995K, committed 56000K, reserved 1097728K
  class space    used 7443K, committed 7936K, reserved 1048576K
}
Event: 14.458 GC heap before
{Heap before GC invocations=34 (full 0):
 garbage-first heap   total 327680K, used 257528K [0x0000000082000000, 0x0000000100000000)
  region size 1024K, 123 young (125952K), 10 survivors (10240K)
 Metaspace       used 56355K, committed 57344K, reserved 1105920K
  class space    used 7656K, committed 8128K, reserved 1048576K
}
Event: 14.484 GC heap after
{Heap after GC invocations=35 (full 0):
 garbage-first heap   total 327680K, used 156160K [0x0000000082000000, 0x0000000100000000)
  region size 1024K, 16 young (16384K), 16 survivors (16384K)
 Metaspace       used 56355K, committed 57344K, reserved 1105920K
  class space    used 7656K, committed 8128K, reserved 1048576K
}
Event: 14.681 GC heap before
{Heap before GC invocations=35 (full 0):
 garbage-first heap   total 327680K, used 261632K [0x0000000082000000, 0x0000000100000000)
  region size 1024K, 118 young (120832K), 16 survivors (16384K)
 Metaspace       used 57073K, committed 58112K, reserved 1105920K
  class space    used 7760K, committed 8256K, reserved 1048576K
}
Event: 14.709 GC heap after
{Heap after GC invocations=36 (full 0):
 garbage-first heap   total 327680K, used 172857K [0x0000000082000000, 0x0000000100000000)
  region size 1024K, 15 young (15360K), 15 survivors (15360K)
 Metaspace       used 57073K, committed 58112K, reserved 1105920K
  class space    used 7760K, committed 8256K, reserved 1048576K
}
Event: 14.782 GC heap before
{Heap before GC invocations=36 (full 0):
 garbage-first heap   total 327680K, used 223033K [0x0000000082000000, 0x0000000100000000)
  region size 1024K, 65 young (66560K), 15 survivors (15360K)
 Metaspace       used 57282K, committed 58304K, reserved 1105920K
  class space    used 7786K, committed 8256K, reserved 1048576K
}
Event: 14.801 GC heap after
{Heap after GC invocations=37 (full 0):
 garbage-first heap   total 327680K, used 180224K [0x0000000082000000, 0x0000000100000000)
  region size 1024K, 8 young (8192K), 8 survivors (8192K)
 Metaspace       used 57282K, committed 58304K, reserved 1105920K
  class space    used 7786K, committed 8256K, reserved 1048576K
}
Event: 15.048 GC heap before
{Heap before GC invocations=37 (full 0):
 garbage-first heap   total 327680K, used 265216K [0x0000000082000000, 0x0000000100000000)
  region size 1024K, 90 young (92160K), 8 survivors (8192K)
 Metaspace       used 57725K, committed 58752K, reserved 1105920K
  class space    used 7853K, committed 8320K, reserved 1048576K
}

